[ 2016-09-16T10:09:46+08:00 ] 192.168.65.1 /
INFO: [ app_init ] --START--
INFO: Run Behavior\BuildLiteBehavior [ RunTime:0.000016s ]
INFO: [ app_init ] --END-- [ RunTime:0.000272s ]
INFO: [ app_begin ] --START--
INFO: Run Behavior\ReadHtmlCacheBehavior [ RunTime:0.001191s ]
INFO: [ app_begin ] --END-- [ RunTime:0.001253s ]
ERR: 无法加载数据库驱动: Think\Db\Driver\

[ 2016-09-16T10:09:46+08:00 ] 192.168.65.1 /favicon.ico
INFO: [ app_init ] --START--
INFO: Run Behavior\BuildLiteBehavior [ RunTime:0.000017s ]
INFO: [ app_init ] --END-- [ RunTime:0.000400s ]

[ 2016-09-16T10:09:48+08:00 ] 192.168.65.1 /
INFO: [ app_init ] --START--
INFO: Run Behavior\BuildLiteBehavior [ RunTime:0.000014s ]
INFO: [ app_init ] --END-- [ RunTime:0.000363s ]
INFO: [ app_begin ] --START--
INFO: Run Behavior\ReadHtmlCacheBehavior [ RunTime:0.000449s ]
INFO: [ app_begin ] --END-- [ RunTime:0.000488s ]
SQL: SHOW COLUMNS FROM `ft_socialtools` [ RunTime:0.0024s ]
SQL: SELECT * FROM `ft_socialtools` WHERE `isopened` = 1  [ RunTime:0.0023s ]
NOTIC: [2] fclose() expects exactly 1 parameter, 0 given /www/customer_wwwroot/CUSTOMER_Liuxin/Application/Common/Controller/WebCommonController.class.php 第 104 行.
SQL: SHOW COLUMNS FROM `ft_navigator` [ RunTime:0.0014s ]
SQL: SELECT * FROM `ft_navigator` WHERE `isshow` = 1  [ RunTime:0.0008s ]
NOTIC: [2] fclose() expects exactly 1 parameter, 0 given /www/customer_wwwroot/CUSTOMER_Liuxin/Application/Common/Controller/WebCommonController.class.php 第 161 行.
SQL: SHOW COLUMNS FROM `ft_onesignalpage` [ RunTime:0.0031s ]
SQL: SELECT `id`,`title`,`keywords`,`description`,`isshow` FROM `ft_onesignalpage` WHERE `isshow` = 1 ORDER BY sortorder LIMIT 5   [ RunTime:0.0009s ]
SQL: SHOW COLUMNS FROM `ft_category` [ RunTime:0.0011s ]
SQL: SELECT `id`,`catename` FROM `ft_category` WHERE ( isshow=1 AND parentid=0 ) ORDER BY sortorder  [ RunTime:0.0037s ]
NOTIC: [2] fclose() expects exactly 1 parameter, 0 given /www/customer_wwwroot/CUSTOMER_Liuxin/Application/Common/Controller/WebCommonController.class.php 第 127 行.
SQL: SHOW COLUMNS FROM `ft_focus` [ RunTime:0.0015s ]
SQL: SELECT `title`,`cover`,`linkurl` FROM `ft_focus` WHERE `isshow` = 1 ORDER BY sortorder ASC, id DESC LIMIT 5   [ RunTime:0.0006s ]
SQL: SHOW COLUMNS FROM `ft_companyintro` [ RunTime:0.0009s ]
SQL: SELECT `content` FROM `ft_companyintro` WHERE `isshow` = 1 LIMIT 1   [ RunTime:0.0011s ]
SQL: SHOW COLUMNS FROM `ft_goods` [ RunTime:0.0019s ]
SQL: SELECT `id`,`goodsname`,`goodslink`,`goodsimg`,`price` FROM `ft_goods` WHERE `isshow` = 1 AND `isnew` = 1 ORDER BY click DESC LIMIT 12   [ RunTime:0.0017s ]
SQL: SELECT `id`,`goodsname`,`goodslink`,`goodsimg`,`click`,`price` FROM `ft_goods` WHERE `isrecommend` = 1 AND `isshow` = 1 ORDER BY addtime DESC LIMIT 3   [ RunTime:0.0008s ]
SQL: SHOW COLUMNS FROM `ft_msgtype` [ RunTime:0.0017s ]
SQL: SELECT `id`,`typename` FROM `ft_msgtype` ORDER BY sortorder  [ RunTime:0.0005s ]
INFO: [ view_parse ] --START--
INFO: [ template_filter ] --START--
INFO: Run Behavior\ContentReplaceBehavior [ RunTime:0.000174s ]
INFO: [ template_filter ] --END-- [ RunTime:0.000229s ]
NOTIC: [8] Undefined index: m /www/customer_wwwroot/CUSTOMER_Liuxin/CoreDriver/Common/functions.php 第 977 行.
NOTIC: [8] Undefined index: m /www/customer_wwwroot/CUSTOMER_Liuxin/CoreDriver/Common/functions.php 第 977 行.
NOTIC: [8] Undefined index: m /www/customer_wwwroot/CUSTOMER_Liuxin/CoreDriver/Common/functions.php 第 977 行.
NOTIC: [8] Undefined index: member /www/customer_wwwroot/CUSTOMER_Liuxin/Runtime~/Cache/Home/2a94b8bda04ff446dcedd42276fc99ee.php 第 55 行.
NOTIC: [8] Undefined index: m /www/customer_wwwroot/CUSTOMER_Liuxin/CoreDriver/Common/functions.php 第 977 行.
NOTIC: [8] Undefined index: m /www/customer_wwwroot/CUSTOMER_Liuxin/CoreDriver/Common/functions.php 第 977 行.
NOTIC: [8] Undefined index: m /www/customer_wwwroot/CUSTOMER_Liuxin/CoreDriver/Common/functions.php 第 977 行.
NOTIC: [8] Undefined index: m /www/customer_wwwroot/CUSTOMER_Liuxin/CoreDriver/Common/functions.php 第 977 行.
NOTIC: [8] Undefined index: m /www/customer_wwwroot/CUSTOMER_Liuxin/CoreDriver/Common/functions.php 第 977 行.
NOTIC: [8] Undefined index: m /www/customer_wwwroot/CUSTOMER_Liuxin/CoreDriver/Common/functions.php 第 977 行.
NOTIC: [8] Undefined index: m /www/customer_wwwroot/CUSTOMER_Liuxin/CoreDriver/Common/functions.php 第 977 行.
NOTIC: [8] Undefined index: m /www/customer_wwwroot/CUSTOMER_Liuxin/CoreDriver/Common/functions.php 第 977 行.
NOTIC: [8] Undefined index: m /www/customer_wwwroot/CUSTOMER_Liuxin/CoreDriver/Common/functions.php 第 977 行.
NOTIC: [8] Undefined index: m /www/customer_wwwroot/CUSTOMER_Liuxin/CoreDriver/Common/functions.php 第 977 行.
NOTIC: [8] Undefined index: m /www/customer_wwwroot/CUSTOMER_Liuxin/CoreDriver/Common/functions.php 第 977 行.
NOTIC: [8] Undefined index: m /www/customer_wwwroot/CUSTOMER_Liuxin/CoreDriver/Common/functions.php 第 977 行.
NOTIC: [8] Undefined index: m /www/customer_wwwroot/CUSTOMER_Liuxin/CoreDriver/Common/functions.php 第 977 行.
NOTIC: [8] Undefined index: m /www/customer_wwwroot/CUSTOMER_Liuxin/CoreDriver/Common/functions.php 第 977 行.
NOTIC: [8] Undefined index: m /www/customer_wwwroot/CUSTOMER_Liuxin/CoreDriver/Common/functions.php 第 977 行.
NOTIC: [8] Undefined index: m /www/customer_wwwroot/CUSTOMER_Liuxin/CoreDriver/Common/functions.php 第 977 行.
NOTIC: [8] Undefined index: m /www/customer_wwwroot/CUSTOMER_Liuxin/CoreDriver/Common/functions.php 第 977 行.
NOTIC: [8] Undefined index: m /www/customer_wwwroot/CUSTOMER_Liuxin/CoreDriver/Common/functions.php 第 977 行.
NOTIC: [8] Undefined index: m /www/customer_wwwroot/CUSTOMER_Liuxin/CoreDriver/Common/functions.php 第 977 行.
NOTIC: [8] Undefined index: m /www/customer_wwwroot/CUSTOMER_Liuxin/CoreDriver/Common/functions.php 第 977 行.
NOTIC: [8] Undefined index: m /www/customer_wwwroot/CUSTOMER_Liuxin/CoreDriver/Common/functions.php 第 977 行.
NOTIC: [8] Undefined index: m /www/customer_wwwroot/CUSTOMER_Liuxin/CoreDriver/Common/functions.php 第 977 行.
INFO: Run Behavior\ParseTemplateBehavior [ RunTime:0.050887s ]
INFO: [ view_parse ] --END-- [ RunTime:0.050955s ]
INFO: [ view_filter ] --START--
INFO: Run Behavior\WriteHtmlCacheBehavior [ RunTime:0.002140s ]
INFO: [ view_filter ] --END-- [ RunTime:0.002189s ]
INFO: [ app_end ] --START--
INFO: Run Behavior\ShowPageTraceBehavior [ RunTime:0.001629s ]
INFO: [ app_end ] --END-- [ RunTime:0.001709s ]

[ 2016-09-16T10:09:49+08:00 ] 192.168.65.1 /Goods/ajaxGetCartList
INFO: [ app_init ] --START--
INFO: Run Behavior\BuildLiteBehavior [ RunTime:0.000022s ]
INFO: [ app_init ] --END-- [ RunTime:0.000689s ]
INFO: [ app_begin ] --START--
INFO: Run Behavior\ReadHtmlCacheBehavior [ RunTime:0.000894s ]
INFO: [ app_begin ] --END-- [ RunTime:0.001005s ]
SQL: SHOW COLUMNS FROM `ft_onesignalpage` [ RunTime:0.0284s ]
SQL: SELECT `id`,`title`,`keywords`,`description`,`isshow` FROM `ft_onesignalpage` WHERE `isshow` = 1 ORDER BY sortorder LIMIT 5   [ RunTime:0.0080s ]
INFO: [ view_parse ] --START--
INFO: [ template_filter ] --START--
INFO: Run Behavior\ContentReplaceBehavior [ RunTime:0.000045s ]
INFO: [ template_filter ] --END-- [ RunTime:0.000113s ]
INFO: Run Behavior\ParseTemplateBehavior [ RunTime:0.045852s ]
INFO: [ view_parse ] --END-- [ RunTime:0.045931s ]
INFO: [ view_filter ] --START--
INFO: Run Behavior\WriteHtmlCacheBehavior [ RunTime:0.000287s ]
INFO: [ view_filter ] --END-- [ RunTime:0.000458s ]

[ 2016-09-16T10:12:00+08:00 ] 192.168.65.1 /
INFO: [ app_init ] --START--
INFO: Run Behavior\BuildLiteBehavior [ RunTime:0.000160s ]
INFO: [ app_init ] --END-- [ RunTime:0.001789s ]
INFO: [ app_begin ] --START--
INFO: Run Behavior\ReadHtmlCacheBehavior [ RunTime:0.001837s ]
INFO: [ app_begin ] --END-- [ RunTime:0.001979s ]
SQL: SHOW COLUMNS FROM `ft_navigator` [ RunTime:0.0016s ]
SQL: SELECT * FROM `ft_navigator` WHERE `isshow` = 1  [ RunTime:0.0009s ]
NOTIC: [2] fclose() expects exactly 1 parameter, 0 given /www/customer_wwwroot/CUSTOMER_Liuxin/Application/Common/Controller/WebCommonController.class.php 第 161 行.
SQL: SHOW COLUMNS FROM `ft_onesignalpage` [ RunTime:0.0012s ]
SQL: SELECT `id`,`title`,`keywords`,`description`,`isshow` FROM `ft_onesignalpage` WHERE `isshow` = 1 ORDER BY sortorder LIMIT 5   [ RunTime:0.0007s ]
SQL: SHOW COLUMNS FROM `ft_focus` [ RunTime:0.0028s ]
SQL: SELECT `title`,`cover`,`linkurl` FROM `ft_focus` WHERE `isshow` = 1 ORDER BY sortorder ASC, id DESC LIMIT 5   [ RunTime:0.0014s ]
SQL: SHOW COLUMNS FROM `ft_companyintro` [ RunTime:0.0016s ]
SQL: SELECT `content` FROM `ft_companyintro` WHERE `isshow` = 1 LIMIT 1   [ RunTime:0.0005s ]
SQL: SHOW COLUMNS FROM `ft_goods` [ RunTime:0.0012s ]
SQL: SELECT `id`,`goodsname`,`goodslink`,`goodsimg`,`price` FROM `ft_goods` WHERE `isshow` = 1 AND `isnew` = 1 ORDER BY click DESC LIMIT 12   [ RunTime:0.0025s ]
SQL: SELECT `id`,`goodsname`,`goodslink`,`goodsimg`,`click`,`price` FROM `ft_goods` WHERE `isrecommend` = 1 AND `isshow` = 1 ORDER BY addtime DESC LIMIT 3   [ RunTime:0.0007s ]
SQL: SHOW COLUMNS FROM `ft_msgtype` [ RunTime:0.0012s ]
SQL: SELECT `id`,`typename` FROM `ft_msgtype` ORDER BY sortorder  [ RunTime:0.0004s ]
INFO: [ view_parse ] --START--
INFO: [ template_filter ] --START--
INFO: Run Behavior\ContentReplaceBehavior [ RunTime:0.000109s ]
INFO: [ template_filter ] --END-- [ RunTime:0.000152s ]
NOTIC: [8] Undefined index: m /www/customer_wwwroot/CUSTOMER_Liuxin/CoreDriver/Common/functions.php 第 977 行.
NOTIC: [8] Undefined index: m /www/customer_wwwroot/CUSTOMER_Liuxin/CoreDriver/Common/functions.php 第 977 行.
NOTIC: [8] Undefined index: m /www/customer_wwwroot/CUSTOMER_Liuxin/CoreDriver/Common/functions.php 第 977 行.
NOTIC: [8] Undefined index: member /www/customer_wwwroot/CUSTOMER_Liuxin/Runtime~/Cache/Home/2a94b8bda04ff446dcedd42276fc99ee.php 第 55 行.
NOTIC: [8] Undefined index: m /www/customer_wwwroot/CUSTOMER_Liuxin/CoreDriver/Common/functions.php 第 977 行.
NOTIC: [8] Undefined index: m /www/customer_wwwroot/CUSTOMER_Liuxin/CoreDriver/Common/functions.php 第 977 行.
NOTIC: [8] Undefined index: m /www/customer_wwwroot/CUSTOMER_Liuxin/CoreDriver/Common/functions.php 第 977 行.
NOTIC: [8] Undefined index: m /www/customer_wwwroot/CUSTOMER_Liuxin/CoreDriver/Common/functions.php 第 977 行.
NOTIC: [8] Undefined index: m /www/customer_wwwroot/CUSTOMER_Liuxin/CoreDriver/Common/functions.php 第 977 行.
NOTIC: [8] Undefined index: m /www/customer_wwwroot/CUSTOMER_Liuxin/CoreDriver/Common/functions.php 第 977 行.
NOTIC: [8] Undefined index: m /www/customer_wwwroot/CUSTOMER_Liuxin/CoreDriver/Common/functions.php 第 977 行.
NOTIC: [8] Undefined index: m /www/customer_wwwroot/CUSTOMER_Liuxin/CoreDriver/Common/functions.php 第 977 行.
NOTIC: [8] Undefined index: m /www/customer_wwwroot/CUSTOMER_Liuxin/CoreDriver/Common/functions.php 第 977 行.
NOTIC: [8] Undefined index: m /www/customer_wwwroot/CUSTOMER_Liuxin/CoreDriver/Common/functions.php 第 977 行.
NOTIC: [8] Undefined index: m /www/customer_wwwroot/CUSTOMER_Liuxin/CoreDriver/Common/functions.php 第 977 行.
NOTIC: [8] Undefined index: m /www/customer_wwwroot/CUSTOMER_Liuxin/CoreDriver/Common/functions.php 第 977 行.
NOTIC: [8] Undefined index: m /www/customer_wwwroot/CUSTOMER_Liuxin/CoreDriver/Common/functions.php 第 977 行.
NOTIC: [8] Undefined index: m /www/customer_wwwroot/CUSTOMER_Liuxin/CoreDriver/Common/functions.php 第 977 行.
NOTIC: [8] Undefined index: m /www/customer_wwwroot/CUSTOMER_Liuxin/CoreDriver/Common/functions.php 第 977 行.
NOTIC: [8] Undefined index: m /www/customer_wwwroot/CUSTOMER_Liuxin/CoreDriver/Common/functions.php 第 977 行.
NOTIC: [8] Undefined index: m /www/customer_wwwroot/CUSTOMER_Liuxin/CoreDriver/Common/functions.php 第 977 行.
NOTIC: [8] Undefined index: m /www/customer_wwwroot/CUSTOMER_Liuxin/CoreDriver/Common/functions.php 第 977 行.
NOTIC: [8] Undefined index: m /www/customer_wwwroot/CUSTOMER_Liuxin/CoreDriver/Common/functions.php 第 977 行.
NOTIC: [8] Undefined index: m /www/customer_wwwroot/CUSTOMER_Liuxin/CoreDriver/Common/functions.php 第 977 行.
NOTIC: [8] Undefined index: m /www/customer_wwwroot/CUSTOMER_Liuxin/CoreDriver/Common/functions.php 第 977 行.
NOTIC: [8] Undefined index: m /www/customer_wwwroot/CUSTOMER_Liuxin/CoreDriver/Common/functions.php 第 977 行.
INFO: Run Behavior\ParseTemplateBehavior [ RunTime:0.068867s ]
INFO: [ view_parse ] --END-- [ RunTime:0.068918s ]
INFO: [ view_filter ] --START--
INFO: Run Behavior\WriteHtmlCacheBehavior [ RunTime:0.000308s ]
INFO: [ view_filter ] --END-- [ RunTime:0.000336s ]
INFO: [ app_end ] --START--
INFO: Run Behavior\ShowPageTraceBehavior [ RunTime:0.000904s ]
INFO: [ app_end ] --END-- [ RunTime:0.000959s ]

[ 2016-09-16T10:12:01+08:00 ] 192.168.65.1 /Goods/ajaxGetCartList
INFO: [ app_init ] --START--
INFO: Run Behavior\BuildLiteBehavior [ RunTime:0.000019s ]
INFO: [ app_init ] --END-- [ RunTime:0.001951s ]
INFO: [ app_begin ] --START--
INFO: Run Behavior\ReadHtmlCacheBehavior [ RunTime:0.006528s ]
INFO: [ app_begin ] --END-- [ RunTime:0.006655s ]
SQL: SHOW COLUMNS FROM `ft_onesignalpage` [ RunTime:0.0010s ]
SQL: SELECT `id`,`title`,`keywords`,`description`,`isshow` FROM `ft_onesignalpage` WHERE `isshow` = 1 ORDER BY sortorder LIMIT 5   [ RunTime:0.0007s ]
INFO: [ view_parse ] --START--
INFO: [ template_filter ] --START--
INFO: Run Behavior\ContentReplaceBehavior [ RunTime:0.000047s ]
INFO: [ template_filter ] --END-- [ RunTime:0.000120s ]
INFO: Run Behavior\ParseTemplateBehavior [ RunTime:0.008389s ]
INFO: [ view_parse ] --END-- [ RunTime:0.008469s ]
INFO: [ view_filter ] --START--
INFO: Run Behavior\WriteHtmlCacheBehavior [ RunTime:0.000580s ]
INFO: [ view_filter ] --END-- [ RunTime:0.000722s ]

